<?xml version="1.0" encoding="UTF-8"?>
<!-- Generated by org.testng.reporters.JUnitReportReporter -->
<testsuite hostname="DESKTOP-12J2N0N" failures="0" tests="5" name="test.auto.ficxqa.ApiRTDiceWIP" time="27.653" errors="0" timestamp="2023-01-10T11:44:09 IST" skipped="0">
  <testcase classname="test.auto.ficxqa.ApiRTDiceWIP" name="apiParamsOnScsFailSetup" time="8.227"/>
  <system-out/>
  <testcase classname="test.auto.ficxqa.ApiRTDiceWIP" name="enterNode2Editor" time="1.876"/>
  <system-out/>
  <testcase classname="test.auto.ficxqa.ApiRTDiceWIP" name="screen2ApiIntSetup" time="4.141"/>
  <system-out/>
  <testcase classname="test.auto.ficxqa.ApiRTDiceWIP" name="login" time="8.355"/>
  <system-out/>
  <testcase classname="test.auto.ficxqa.ApiRTDiceWIP" name="enterExistingJourney" time="5.054"/>
  <system-out/>
</testsuite> <!-- test.auto.ficxqa.ApiRTDiceWIP -->
