<?xml version="1.0" encoding="UTF-8"?>
<!-- Generated by org.testng.reporters.JUnitReportReporter -->
<testsuite hostname="DESKTOP-12J2N0N" failures="0" tests="1" name="test.auto.ficxqa.BasicSanityTest" time="8.072" errors="0" timestamp="2023-02-07T18:30:12 IST" skipped="0">
  <testcase classname="test.auto.ficxqa.BasicSanityTest" name="allBasicFields" time="8.072"/>
  <system-out/>
</testsuite> <!-- test.auto.ficxqa.BasicSanityTest -->
