<?xml version="1.0" encoding="UTF-8"?>
<!-- Generated by org.testng.reporters.JUnitReportReporter -->
<testsuite hostname="DESKTOP-12J2N0N" failures="0" tests="1" name="test.auto.ficxqa.DevToolsTest" time="3.266" errors="0" timestamp="2023-02-06T13:50:14 IST" skipped="0">
  <testcase classname="test.auto.ficxqa.DevToolsTest" name="statusCodes" time="3.266"/>
  <system-out/>
</testsuite> <!-- test.auto.ficxqa.DevToolsTest -->
