<?xml version="1.0" encoding="UTF-8"?>
<!-- Generated by org.testng.reporters.JUnitReportReporter -->
<testsuite hostname="DESKTOP-12J2N0N" failures="0" tests="2" name="test.auto.ficxqa.HomepageInteractions" time="28.593" errors="0" timestamp="2022-12-22T12:53:39 IST" skipped="0">
  <testcase classname="test.auto.ficxqa.HomepageInteractions" name="login" time="11.007"/>
  <system-out/>
  <testcase classname="test.auto.ficxqa.HomepageInteractions" name="jrnyFilters" time="17.586"/>
  <system-out/>
</testsuite> <!-- test.auto.ficxqa.HomepageInteractions -->
