<?xml version="1.0" encoding="UTF-8"?>
<!-- Generated by org.testng.reporters.JUnitReportReporter -->
<testsuite hostname="DESKTOP-12J2N0N" failures="0" tests="2" name="test.auto.ficxqa.FicxDemoTest" time="16.093" errors="0" timestamp="2022-12-21T12:27:41 IST" skipped="0">
  <testcase classname="test.auto.ficxqa.FicxDemoTest" name="login" time="6.783"/>
  <system-out/>
  <testcase classname="test.auto.ficxqa.FicxDemoTest" name="templates" time="9.310"/>
  <system-out/>
</testsuite> <!-- test.auto.ficxqa.FicxDemoTest -->
