<?xml version="1.0" encoding="UTF-8"?>
<!-- Generated by org.testng.reporters.JUnitReportReporter -->
<testsuite hostname="DESKTOP-12J2N0N" failures="0" tests="3" name="test.auto.ficxqa.HomepageTest" time="29.794" errors="0" timestamp="2023-01-02T14:35:29 IST" skipped="0">
  <testcase classname="test.auto.ficxqa.HomepageTest" name="login" time="22.785"/>
  <system-out/>
  <testcase classname="test.auto.ficxqa.HomepageTest" name="templateMaP" time="4.517"/>
  <system-out/>
  <testcase classname="test.auto.ficxqa.HomepageTest" name="renameJrnyMaP" time="2.492"/>
  <system-out/>
</testsuite> <!-- test.auto.ficxqa.HomepageTest -->
