<?xml version="1.0" encoding="UTF-8"?>
<!-- Generated by org.testng.reporters.JUnitReportReporter -->
<testsuite hostname="DESKTOP-12J2N0N" failures="0" tests="3" name="net.callvu.dev19.BasicSanityTest" time="15.677" errors="0" timestamp="2023-01-20T11:59:48 IST" skipped="0">
  <testcase classname="net.callvu.dev19.BasicSanityTest" name="preview" time="6.117"/>
  <system-out/>
  <testcase classname="net.callvu.dev19.BasicSanityTest" name="addLongText" time="3.674"/>
  <system-out/>
  <testcase classname="net.callvu.dev19.BasicSanityTest" name="addShortText" time="5.886"/>
  <system-out/>
</testsuite> <!-- net.callvu.dev19.BasicSanityTest -->
