<?xml version="1.0" encoding="UTF-8"?>
<!-- Generated by org.testng.reporters.JUnitReportReporter -->
<testsuite hostname="DESKTOP-12J2N0N" failures="0" tests="22" name="test.auto.ficxqa.ApiRTDiceTest" time="91.863" errors="0" timestamp="2023-01-11T18:15:42 IST" skipped="0">
  <testcase classname="test.auto.ficxqa.ApiRTDiceTest" name="screen1Actions1" time="1.305"/>
  <system-out/>
  <testcase classname="test.auto.ficxqa.ApiRTDiceTest" name="newProject" time="3.612"/>
  <system-out/>
  <testcase classname="test.auto.ficxqa.ApiRTDiceTest" name="twoNewScreen" time="2.255"/>
  <system-out/>
  <testcase classname="test.auto.ficxqa.ApiRTDiceTest" name="apiParamsOnScsFailSetup" time="5.260"/>
  <system-out/>
  <testcase classname="test.auto.ficxqa.ApiRTDiceTest" name="screen1Image" time="2.346"/>
  <system-out/>
  <testcase classname="test.auto.ficxqa.ApiRTDiceTest" name="backBtnsFlow" time="2.895"/>
  <system-out/>
  <testcase classname="test.auto.ficxqa.ApiRTDiceTest" name="screen2Btn" time="1.999"/>
  <system-out/>
  <testcase classname="test.auto.ficxqa.ApiRTDiceTest" name="enterEditor" time="2.986"/>
  <system-out/>
  <testcase classname="test.auto.ficxqa.ApiRTDiceTest" name="screen2ApiIntSetup" time="0.195"/>
  <system-out/>
  <testcase classname="test.auto.ficxqa.ApiRTDiceTest" name="screen1Button" time="4.909"/>
  <system-out/>
  <testcase classname="test.auto.ficxqa.ApiRTDiceTest" name="previewJourney" time="28.097"/>
  <system-out/>
  <testcase classname="test.auto.ficxqa.ApiRTDiceTest" name="screen2Text" time="1.366"/>
  <system-out/>
  <testcase classname="test.auto.ficxqa.ApiRTDiceTest" name="screen1Text" time="2.958"/>
  <system-out/>
  <testcase classname="test.auto.ficxqa.ApiRTDiceTest" name="login" time="3.922"/>
  <system-out/>
  <testcase classname="test.auto.ficxqa.ApiRTDiceTest" name="onSuccessText" time="6.292"/>
  <system-out/>
  <testcase classname="test.auto.ficxqa.ApiRTDiceTest" name="screen2Setup" time="0.899"/>
  <system-out/>
  <testcase classname="test.auto.ficxqa.ApiRTDiceTest" name="linkNewScreen" time="2.234"/>
  <system-out/>
  <testcase classname="test.auto.ficxqa.ApiRTDiceTest" name="onFailText" time="7.421"/>
  <system-out/>
  <testcase classname="test.auto.ficxqa.ApiRTDiceTest" name="screen2Inputs" time="4.267"/>
  <system-out/>
  <testcase classname="test.auto.ficxqa.ApiRTDiceTest" name="onFailSetup" time="3.164"/>
  <system-out/>
  <testcase classname="test.auto.ficxqa.ApiRTDiceTest" name="enterNode2Editor" time="0.706"/>
  <system-out/>
  <testcase classname="test.auto.ficxqa.ApiRTDiceTest" name="onSuccessSetup" time="2.775"/>
  <system-out/>
</testsuite> <!-- test.auto.ficxqa.ApiRTDiceTest -->
