<?xml version="1.0" encoding="UTF-8"?>
<!-- Generated by org.testng.reporters.JUnitReportReporter -->
<testsuite hostname="DESKTOP-12J2N0N" failures="0" tests="1" name="test.auto.ficxqa.SumActionsTest" time="39.639" errors="0" timestamp="2023-03-13T19:56:17 IST" skipped="0">
  <testcase classname="test.auto.ficxqa.SumActionsTest" name="previewDropdown" time="39.639"/>
  <system-out/>
</testsuite> <!-- test.auto.ficxqa.SumActionsTest -->
