<?xml version="1.0" encoding="UTF-8"?>
<!-- Generated by org.testng.reporters.JUnitReportReporter -->
<testsuite hostname="DESKTOP-12J2N0N" failures="0" tests="1" name="test.auto.ficxqa.PreviewForms" time="13.758" errors="0" timestamp="2023-03-15T17:57:25 IST" skipped="0">
  <testcase classname="test.auto.ficxqa.PreviewForms" name="previewSum" time="13.758"/>
  <system-out/>
</testsuite> <!-- test.auto.ficxqa.PreviewForms -->
