<?xml version="1.0" encoding="UTF-8"?>
<!-- Generated by org.testng.reporters.JUnitReportReporter -->
<testsuite hostname="DESKTOP-12J2N0N" failures="0" tests="1" name="test.auto.ficxqa.BuildForms" time="33.028" errors="0" timestamp="2023-03-15T17:57:25 IST" skipped="0">
  <testcase classname="test.auto.ficxqa.BuildForms" name="buildSumApi" time="33.028"/>
  <system-out/>
</testsuite> <!-- test.auto.ficxqa.BuildForms -->
