<?xml version="1.0" encoding="UTF-8"?>
<!-- Generated by org.testng.reporters.JUnitReportReporter -->
<testsuite hostname="DESKTOP-12J2N0N" failures="0" tests="1" name="test.auto.ficxqa.PreviewForms" time="104.810" errors="0" timestamp="2023-05-28T19:18:32 IDT" skipped="0">
  <testcase classname="test.auto.ficxqa.PreviewForms" name="previewButtons" time="104.810"/>
  <system-out/>
</testsuite> <!-- test.auto.ficxqa.PreviewForms -->
