<?xml version="1.0" encoding="UTF-8"?>
<!-- Generated by org.testng.reporters.JUnitReportReporter -->
<testsuite hostname="DESKTOP-12J2N0N" failures="0" tests="2" name="test.auto.ficxqa.PreviewForms" time="83.579" errors="0" timestamp="2023-03-21T18:15:35 IST" skipped="0">
  <testcase classname="test.auto.ficxqa.PreviewForms" name="previewSum" time="32.616"/>
  <system-out/>
  <testcase classname="test.auto.ficxqa.PreviewForms" name="previewDropdown" time="50.963"/>
  <system-out/>
</testsuite> <!-- test.auto.ficxqa.PreviewForms -->
