<?xml version="1.0" encoding="UTF-8"?>
<!-- Generated by org.testng.reporters.JUnitReportReporter -->
<testsuite hostname="DESKTOP-12J2N0N" failures="0" tests="2" name="test.auto.ficxqa.PreviewForms" time="64.996" errors="0" timestamp="2023-03-21T16:54:36 IST" skipped="0">
  <testcase classname="test.auto.ficxqa.PreviewForms" name="previewDropdown" time="41.705"/>
  <system-out/>
  <testcase classname="test.auto.ficxqa.PreviewForms" name="previewSum" time="23.291"/>
  <system-out/>
</testsuite> <!-- test.auto.ficxqa.PreviewForms -->
