<?xml version="1.0" encoding="UTF-8"?>
<!-- Generated by org.testng.reporters.JUnitReportReporter -->
<testsuite hostname="DESKTOP-12J2N0N" failures="0" tests="2" name="test.auto.ficxqa.BuildForms" time="55.868" errors="0" timestamp="2023-03-21T16:54:36 IST" skipped="0">
  <testcase classname="test.auto.ficxqa.BuildForms" name="buildSumApi" time="36.128"/>
  <system-out/>
  <testcase classname="test.auto.ficxqa.BuildForms" name="buildBasicFields" time="19.740"/>
  <system-out/>
</testsuite> <!-- test.auto.ficxqa.BuildForms -->
