<?xml version="1.0" encoding="UTF-8"?>
<!-- Generated by org.testng.reporters.JUnitReportReporter -->
<testsuite hostname="DESKTOP-12J2N0N" failures="0" tests="2" name="test.auto.ficxqa.BuildForms" time="89.821" errors="0" timestamp="2023-03-21T18:15:35 IST" skipped="0">
  <testcase classname="test.auto.ficxqa.BuildForms" name="buildBasicFields" time="38.175"/>
  <system-out/>
  <testcase classname="test.auto.ficxqa.BuildForms" name="buildSumApi" time="51.646"/>
  <system-out/>
</testsuite> <!-- test.auto.ficxqa.BuildForms -->
