<?xml version="1.0" encoding="UTF-8"?>
<!-- Generated by org.testng.reporters.JUnitReportReporter -->
<testsuite hostname="DESKTOP-12J2N0N" failures="0" tests="1" name="test.auto.ficxqa.PreviewForms" time="32.057" errors="0" timestamp="2023-03-23T13:42:18 IST" skipped="0">
  <testcase classname="test.auto.ficxqa.PreviewForms" name="previewfileUpload" time="32.057"/>
  <system-out/>
</testsuite> <!-- test.auto.ficxqa.PreviewForms -->
